Determining if the pthread_create exist failed with the following output:
Change Dir: /home/jesus/catkin_ws/src/ros_robotic/build/CMakeFiles/CMakeTmp

Run Build Command:"/usr/bin/make" "cmTC_cefe9/fast"
/usr/bin/make -f CMakeFiles/cmTC_cefe9.dir/build.make CMakeFiles/cmTC_cefe9.dir/build
make[1]: se entra en el directorio '/home/jesus/Documentos/RyCSV/Talleres/Taller1/ros_robotic/build/CMakeFiles/CMakeTmp'
Building C object CMakeFiles/cmTC_cefe9.dir/CheckSymbolExists.c.o
/usr/bin/x86_64-linux-gnu-gcc-7    -o CMakeFiles/cmTC_cefe9.dir/CheckSymbolExists.c.o   -c /home/jesus/catkin_ws/src/ros_robotic/build/CMakeFiles/CMakeTmp/CheckSymbolExists.c
Linking C executable cmTC_cefe9
/usr/bin/cmake -E cmake_link_script CMakeFiles/cmTC_cefe9.dir/link.txt --verbose=1
/usr/bin/x86_64-linux-gnu-gcc-7      -rdynamic CMakeFiles/cmTC_cefe9.dir/CheckSymbolExists.c.o  -o cmTC_cefe9 
CMakeFiles/cmTC_cefe9.dir/CheckSymbolExists.c.o: En la funci√≥n `main':
CheckSymbolExists.c:(.text+0x1b): referencia a `pthread_create' sin definir
collect2: error: ld returned 1 exit status
CMakeFiles/cmTC_cefe9.dir/build.make:97: fallo en las instrucciones para el objetivo 'cmTC_cefe9'
make[1]: *** [cmTC_cefe9] Error 1
make[1]: se sale del directorio '/home/jesus/Documentos/RyCSV/Talleres/Taller1/ros_robotic/build/CMakeFiles/CMakeTmp'
Makefile:126: fallo en las instrucciones para el objetivo 'cmTC_cefe9/fast'
make: *** [cmTC_cefe9/fast] Error 2

File /home/jesus/catkin_ws/src/ros_robotic/build/CMakeFiles/CMakeTmp/CheckSymbolExists.c:
/* */
#include <pthread.h>

int main(int argc, char** argv)
{
  (void)argv;
#ifndef pthread_create
  return ((int*)(&pthread_create))[argc];
#else
  (void)argc;
  return 0;
#endif
}

Determining if the function pthread_create exists in the pthreads failed with the following output:
Change Dir: /home/jesus/catkin_ws/src/ros_robotic/build/CMakeFiles/CMakeTmp

Run Build Command:"/usr/bin/make" "cmTC_3317e/fast"
/usr/bin/make -f CMakeFiles/cmTC_3317e.dir/build.make CMakeFiles/cmTC_3317e.dir/build
make[1]: se entra en el directorio '/home/jesus/Documentos/RyCSV/Talleres/Taller1/ros_robotic/build/CMakeFiles/CMakeTmp'
Building C object CMakeFiles/cmTC_3317e.dir/CheckFunctionExists.c.o
/usr/bin/x86_64-linux-gnu-gcc-7   -DCHECK_FUNCTION_EXISTS=pthread_create   -o CMakeFiles/cmTC_3317e.dir/CheckFunctionExists.c.o   -c /usr/share/cmake-3.10/Modules/CheckFunctionExists.c
Linking C executable cmTC_3317e
/usr/bin/cmake -E cmake_link_script CMakeFiles/cmTC_3317e.dir/link.txt --verbose=1
/usr/bin/x86_64-linux-gnu-gcc-7  -DCHECK_FUNCTION_EXISTS=pthread_create    -rdynamic CMakeFiles/cmTC_3317e.dir/CheckFunctionExists.c.o  -o cmTC_3317e -lpthreads 
/usr/bin/ld: no se puede encontrar -lpthreads
collect2: error: ld returned 1 exit status
CMakeFiles/cmTC_3317e.dir/build.make:97: fallo en las instrucciones para el objetivo 'cmTC_3317e'
make[1]: *** [cmTC_3317e] Error 1
make[1]: se sale del directorio '/home/jesus/Documentos/RyCSV/Talleres/Taller1/ros_robotic/build/CMakeFiles/CMakeTmp'
Makefile:126: fallo en las instrucciones para el objetivo 'cmTC_3317e/fast'
make: *** [cmTC_3317e/fast] Error 2


